
* Info: Selecting the 'perf-low-ppn' engine for node debianah

* Info: "ref-cycles" not supported on debianah: fallback to "cpu-clock"
* Info: Process launched (host debianah, process 14392)Minimum 429026203 RDTSC-cycles (4.09 per iner-iter)
Mediane 434056137 RDTSC-cycles (4.14 per iner-iter)
Bonne stabilité : 1.17 %

* Info: Process finished (host debianah, process 14392)
* Info: Dumping samples (host debianah, process 14392)
* Info: Dumping source info for callchain nodes (host debianah, process 14392)
* Info: Building/writing metadata (host debianah)
* Info: Finished collect step (host debianah, process 14392)

Your experiment path is /home/ahenches/Documents/isty/AOA/src/../tmp/tools/lprof_npsu_run_0

To display your profiling results:
###############################################################################################################################
#    LEVEL    |     REPORT     |                                           COMMAND                                            #
###############################################################################################################################
#  Functions  |  Cluster-wide  |  maqao lprof -df xp=/home/ahenches/Documents/isty/AOA/src/../tmp/tools/lprof_npsu_run_0      #
#  Functions  |  Per-node      |  maqao lprof -df -dn xp=/home/ahenches/Documents/isty/AOA/src/../tmp/tools/lprof_npsu_run_0  #
#  Functions  |  Per-process   |  maqao lprof -df -dp xp=/home/ahenches/Documents/isty/AOA/src/../tmp/tools/lprof_npsu_run_0  #
#  Functions  |  Per-thread    |  maqao lprof -df -dt xp=/home/ahenches/Documents/isty/AOA/src/../tmp/tools/lprof_npsu_run_0  #
#  Loops      |  Cluster-wide  |  maqao lprof -dl xp=/home/ahenches/Documents/isty/AOA/src/../tmp/tools/lprof_npsu_run_0      #
#  Loops      |  Per-node      |  maqao lprof -dl -dn xp=/home/ahenches/Documents/isty/AOA/src/../tmp/tools/lprof_npsu_run_0  #
#  Loops      |  Per-process   |  maqao lprof -dl -dp xp=/home/ahenches/Documents/isty/AOA/src/../tmp/tools/lprof_npsu_run_0  #
#  Loops      |  Per-thread    |  maqao lprof -dl -dt xp=/home/ahenches/Documents/isty/AOA/src/../tmp/tools/lprof_npsu_run_0  #
###############################################################################################################################

