
* Info: Selecting the 'perf-low-ppn' engine for node MSI-Gugnir

* Info: "ref-cycles" not supported on MSI-Gugnir: fallback to "cpu-clock"
* Info: Process launched (host MSI-Gugnir, process 1112)base
driver_base.c
driver_base.o
driver.c
driver_etalonnage.c
driver_etalonnage.o
driver.o
etalonnage
kernel.c
kernel.o
main.c
Makefile
measure
rdtsc.c
rdtsc.o
rm -rf kernel.o rdtsc.o driver.o driver_base.o bin/measure base
gcc -O2 -o kernel.o -c kernel.c
gcc -O2   -c -o rdtsc.o rdtsc.c
gcc -O2   -c -o driver_base.o driver_base.c
gcc -Wall -g -O1 -o base kernel.o rdtsc.o driver_base.o
gcc -O2   -c -o driver.o driver.c
gcc -Wall -g -O1 -o measure kernel.o rdtsc.o driver.o
gcc -Wall -g -O1 -o etalonnage kernel.o rdtsc.o driver_etalonnage.o
Minimum 686283 RDTSC-cycles (6.86 per iner-iter)
Mediane 686595 RDTSC-cycles (6.87 per iner-iter)
Bonne stabilité : 0.05 %

* Info: Process finished (host MSI-Gugnir, process 1112)
* Info: Callchains info will be incomplete
* Info: Try to recompile your application with -fno-omit-frame-pointer or to rerun with btm=stack
* Info: Dumping samples (host MSI-Gugnir, process 1112)
* Info: Dumping source info for callchain nodes (host MSI-Gugnir, process 1112)
* Info: Building/writing metadata (host MSI-Gugnir)
* Info: Finished collect step (host MSI-Gugnir, process 1112)

Your experiment path is /mnt/c/Users/Rayan/Documents/Développement/AOA/scripts/maqao_2023-03-29_17-26-02/tools/lprof_npsu_run_0

To display your profiling results:
####################################################################################################################################################################
#    LEVEL    |     REPORT     |                                                              COMMAND                                                              #
####################################################################################################################################################################
#  Functions  |  Cluster-wide  |  maqao lprof -df xp=/mnt/c/Users/Rayan/Documents/Développement/AOA/scripts/maqao_2023-03-29_17-26-02/tools/lprof_npsu_run_0      #
#  Functions  |  Per-node      |  maqao lprof -df -dn xp=/mnt/c/Users/Rayan/Documents/Développement/AOA/scripts/maqao_2023-03-29_17-26-02/tools/lprof_npsu_run_0  #
#  Functions  |  Per-process   |  maqao lprof -df -dp xp=/mnt/c/Users/Rayan/Documents/Développement/AOA/scripts/maqao_2023-03-29_17-26-02/tools/lprof_npsu_run_0  #
#  Functions  |  Per-thread    |  maqao lprof -df -dt xp=/mnt/c/Users/Rayan/Documents/Développement/AOA/scripts/maqao_2023-03-29_17-26-02/tools/lprof_npsu_run_0  #
#  Loops      |  Cluster-wide  |  maqao lprof -dl xp=/mnt/c/Users/Rayan/Documents/Développement/AOA/scripts/maqao_2023-03-29_17-26-02/tools/lprof_npsu_run_0      #
#  Loops      |  Per-node      |  maqao lprof -dl -dn xp=/mnt/c/Users/Rayan/Documents/Développement/AOA/scripts/maqao_2023-03-29_17-26-02/tools/lprof_npsu_run_0  #
#  Loops      |  Per-process   |  maqao lprof -dl -dp xp=/mnt/c/Users/Rayan/Documents/Développement/AOA/scripts/maqao_2023-03-29_17-26-02/tools/lprof_npsu_run_0  #
#  Loops      |  Per-thread    |  maqao lprof -dl -dt xp=/mnt/c/Users/Rayan/Documents/Développement/AOA/scripts/maqao_2023-03-29_17-26-02/tools/lprof_npsu_run_0  #
####################################################################################################################################################################

